Starting sensor data collection server...

Shutting down server...
broker at localhost:1883
2025-05-23 10:12:22,458 - mqtt_handler - INFO - Connected with result code 0
2025-05-23 10:12:22,748 - mqtt_handler - INFO - Connected with result code 0
2025-05-23 10:12:23,459 - mqtt_handler - INFO - Connected with result code 0
2025-05-23 10:12:23,749 - mqtt_handler - INFO - Connected with result code 0
2025-05-23 10:12:24,461 - mqtt_handler - INFO - Connected with result code 0
2025-05-23 10:12:24,749 - mqtt_handler - INFO - Connected with result code 0
2025-05-23 10:12:25,462 - mqtt_handler - INFO - Connected with result code 0
2025-05-23 10:12:25,751 - mqtt_handler - INFO - Connected with result code 0
2025-05-23 10:12:26,463 - mqtt_handler - INFO - Connected with result code 0
2025-05-23 10:12:26,752 - mqtt_handler - INFO - Connected with result code 0
2025-05-23 10:12:27,465 - mqtt_handler - INFO - Connected with result code 0
2025-05-23 10:12:27,754 - mqtt_handler - INFO - Connected with result code 0
2025-05-23 10:12:28,466 - mqtt_handler - INFO - Connected with result code 0
2025-05-23 10:12:28,756 - mqtt_handler - INFO - Connected with result code 0
2025-05-23 10:12:29,467 - mqtt_handler - INFO - Connected with result code 0
2025-05-23 10:12:29,756 - mqtt_handler - INFO - Connected with result code 0
2025-05-23 10:12:30,269 - mqtt_handler - INFO - Received data at 2025-05-23 10:12:30.243790 from device 0
2025-05-23 10:12:30,299 - mqtt_handler - INFO - Received data at 2025-05-23 10:12:30.243842 from device 1001
2025-05-23 10:12:30,328 - mqtt_handler - INFO - Received data at 2025-05-23 10:12:30.243858 from device 1002
2025-05-23 10:12:30,338 - mqtt_handler - INFO - Received data at 2025-05-23 10:12:30.253972 from device 1002
2025-05-23 10:12:30,348 - mqtt_handler - INFO - Received data at 2025-05-23 10:12:30.254018 from device 1001
2025-05-23 10:12:30,358 - mqtt_handler - INFO - Received data at 2025-05-23 10:12:30.254030 from device 1002
2025-05-23 10:12:30,368 - mqtt_handler - INFO - Received data at 2025-05-23 10:12:30.264140 from device 1002
2025-05-23 10:12:30,382 - mqtt_handler - INFO - Received data at 2025-05-23 10:12:30.264209 from device 1001
2025-05-23 10:12:30,392 - mqtt_handler - INFO - Received data at 2025-05-23 10:12:30.264221 from device 1002
2025-05-23 10:12:30,402 - mqtt_handler - INFO - Received data at 2025-05-23 10:12:30.274300 from device 1002
2025-05-23 10:12:30,412 - mqtt_handler - INFO - Received data at 2025-05-23 10:12:30.274371 from device 1001
2025-05-23 10:12:30,422 - mqtt_handler - INFO - Received data at 2025-05-23 10:12:30.274393 from device 1002
2025-05-23 10:12:30,432 - mqtt_handler - INFO - Received data at 2025-05-23 10:12:30.284505 from device 1002
2025-05-23 10:12:30,442 - mqtt_handler - INFO - Received data at 2025-05-23 10:12:30.284544 from device 1001
2025-05-23 10:12:30,453 - mqtt_handler - INFO - Received data at 2025-05-23 10:12:30.284557 from device 1002
2025-05-23 10:12:30,467 - mqtt_handler - INFO - Received data at 2025-05-23 10:12:30.294663 from device 1002
2025-05-23 10:12:30,469 - mqtt_handler - INFO - Connected with result code 0
2025-05-23 10:12:30,483 - mqtt_handler - INFO - Received data at 2025-05-23 10:12:30.294714 from device 1001
2025-05-23 10:12:30,493 - mqtt_handler - INFO - Received data at 2025-05-23 10:12:30.294726 from device 1002
2025-05-23 10:12:30,503 - mqtt_handler - INFO - Received data at 2025-05-23 10:12:30.304796 from device 1002
2025-05-23 10:12:30,513 - mqtt_handler - INFO - Received data at 2025-05-23 10:12:30.477283 from device 1002
2025-05-23 10:12:30,513 - mqtt_handler - INFO - Received data at 2025-05-23 10:12:30.304851 from device 1001
2025-05-23 10:12:30,523 - mqtt_handler - INFO - Received data at 2025-05-23 10:12:30.304872 from device 1002
2025-05-23 10:12:30,533 - mqtt_handler - INFO - Received data at 2025-05-23 10:12:30.314946 from device 1002
2025-05-23 10:12:30,542 - mqtt_handler - INFO - Received data at 2025-05-23 10:12:30.314983 from device 1001
2025-05-23 10:12:30,552 - mqtt_handler - INFO - Received data at 2025-05-23 10:12:30.315003 from device 1002
2025-05-23 10:12:30,562 - mqtt_handler - INFO - Received data at 2025-05-23 10:12:30.325078 from device 1002
2025-05-23 10:12:30,572 - mqtt_handler - INFO - Received data at 2025-05-23 10:12:30.325114 from device 1001
2025-05-23 10:12:30,581 - mqtt_handler - INFO - Received data at 2025-05-23 10:12:30.325134 from device 1002
2025-05-23 10:12:30,591 - mqtt_handler - INFO - Received data at 2025-05-23 10:12:30.335204 from device 1002
2025-05-23 10:12:30,601 - mqtt_handler - INFO - Received data at 2025-05-23 10:12:30.335236 from device 1001
2025-05-23 10:12:30,615 - mqtt_handler - INFO - Received data at 2025-05-23 10:12:30.335256 from device 1002
2025-05-23 10:12:30,625 - mqtt_handler - INFO - Received data at 2025-05-23 10:12:30.345325 from device 1002
2025-05-23 10:12:30,635 - mqtt_handler - INFO - Received data at 2025-05-23 10:12:30.345356 from device 1001
2025-05-23 10:12:30,645 - mqtt_handler - INFO - Received data at 2025-05-23 10:12:30.345376 from device 1002
2025-05-23 10:12:30,655 - mqtt_handler - INFO - Received data at 2025-05-23 10:12:30.355445 from device 1002
2025-05-23 10:12:30,664 - mqtt_handler - INFO - Received data at 2025-05-23 10:12:30.355477 from device 1001
2025-05-23 10:12:30,674 - mqtt_handler - INFO - Received data at 2025-05-23 10:12:30.355496 from device 1002
2025-05-23 10:12:30,684 - mqtt_handler - INFO - Received data at 2025-05-23 10:12:30.365566 from device 1002
2025-05-23 10:12:30,694 - mqtt_handler - INFO - Received data at 2025-05-23 10:12:30.365597 from device 1001
2025-05-23 10:12:30,704 - mqtt_handler - INFO - Received data at 2025-05-23 10:12:30.365616 from device 1002
2025-05-23 10:12:30,714 - mqtt_handler - INFO - Received data at 2025-05-23 10:12:30.375694 from device 1002
2025-05-23 10:12:30,724 - mqtt_handler - INFO - Received data at 2025-05-23 10:12:30.375776 from device 1001
2025-05-23 10:12:30,733 - mqtt_handler - INFO - Received data at 2025-05-23 10:12:30.375797 from device 1002
2025-05-23 10:12:30,743 - mqtt_handler - INFO - Received data at 2025-05-23 10:12:30.385872 from device 1002
2025-05-23 10:12:30,757 - mqtt_handler - INFO - Connected with result code 0
2025-05-23 10:12:30,759 - mqtt_handler - INFO - Received data at 2025-05-23 10:12:30.385928 from device 1001
2025-05-23 10:12:30,769 - mqtt_handler - INFO - Received data at 2025-05-23 10:12:30.385947 from device 1002
2025-05-23 10:12:30,778 - mqtt_handler - INFO - Received data at 2025-05-23 10:12:30.396017 from device 1002
2025-05-23 10:12:30,788 - mqtt_handler - INFO - Received data at 2025-05-23 10:12:30.396046 from device 1001
2025-05-23 10:12:30,798 - mqtt_handler - INFO - Received data at 2025-05-23 10:12:30.396065 from device 1002
2025-05-23 10:12:30,801 - mqtt_handler - INFO - Received data at 2025-05-23 10:12:30.762512 from device 1002
2025-05-23 10:12:30,813 - mqtt_handler - INFO - Received data at 2025-05-23 10:12:30.406138 from device 1002
2025-05-23 10:12:30,823 - mqtt_handler - INFO - Received data at 2025-05-23 10:12:30.406174 from device 1001
2025-05-23 10:12:30,837 - mqtt_handler - INFO - Received data at 2025-05-23 10:12:30.406192 from device 1002
2025-05-23 10:12:30,846 - mqtt_handler - INFO - Received data at 2025-05-23 10:12:30.416262 from device 1002
2025-05-23 10:12:30,856 - mqtt_handler - INFO - Received data at 2025-05-23 10:12:30.416295 from device 1001
2025-05-23 10:12:30,866 - mqtt_handler - INFO - Received data at 2025-05-23 10:12:30.416314 from device 1002
2025-05-23 10:12:30,876 - mqtt_handler - INFO - Received data at 2025-05-23 10:12:30.426385 from device 1002
2025-05-23 10:12:30,885 - mqtt_handler - INFO - Received data at 2025-05-23 10:12:30.426422 from device 1001
2025-05-23 10:12:30,895 - mqtt_handler - INFO - Received data at 2025-05-23 10:12:30.426441 from device 1002
2025-05-23 10:12:30,905 - mqtt_handler - INFO - Received data at 2025-05-23 10:12:30.436514 from device 1002
2025-05-23 10:12:30,916 - mqtt_handler - INFO - Received data at 2025-05-23 10:12:30.436557 from device 1001
2025-05-23 10:12:30,925 - mqtt_handler - INFO - Received data at 2025-05-23 10:12:30.436576 from device 1002
2025-05-23 10:12:30,935 - mqtt_handler - INFO - Received data at 2025-05-23 10:12:30.446704 from device 1002
2025-05-23 10:12:30,945 - mqtt_handler - INFO - Received data at 2025-05-23 10:12:30.446839 from device 1001
2025-05-23 10:12:30,955 - mqtt_handler - INFO - Received data at 2025-05-23 10:12:30.446864 from device 1002
2025-05-23 10:12:30,965 - mqtt_handler - INFO - Received data at 2025-05-23 10:12:30.456969 from device 1002
2025-05-23 10:12:30,974 - mqtt_handler - INFO - Received data at 2025-05-23 10:12:30.457008 from device 1001
2025-05-23 10:12:30,984 - mqtt_handler - INFO - Received data at 2025-05-23 10:12:30.457029 from device 1002
2025-05-23 10:12:30,994 - mqtt_handler - INFO - Received data at 2025-05-23 10:12:30.467107 from device 1002
2025-05-23 10:12:31,003 - mqtt_handler - INFO - Received data at 2025-05-23 10:12:30.467202 from device 1001
2025-05-23 10:12:31,013 - mqtt_handler - INFO - Received data at 2025-05-23 10:12:30.467225 from device 1002
2025-05-23 10:12:31,046 - mqtt_handler - INFO - Received data at 2025-05-23 10:12:30.762593 from device 1001
2025-05-23 10:12:31,061 - mqtt_handler - INFO - Received data at 2025-05-23 10:12:30.762615 from device 1002
2025-05-23 10:12:31,070 - mqtt_handler - INFO - Received data at 2025-05-23 10:12:30.772771 from device 1002
2025-05-23 10:12:31,081 - mqtt_handler - INFO - Received data at 2025-05-23 10:12:30.772863 from device 1001
2025-05-23 10:12:31,092 - mqtt_handler - INFO - Received data at 2025-05-23 10:12:30.772885 from device 1002
2025-05-23 10:12:31,102 - mqtt_handler - INFO - Received data at 2025-05-23 10:12:30.783026 from device 1002
2025-05-23 10:12:31,112 - mqtt_handler - INFO - Received data at 2025-05-23 10:12:30.783086 from device 1001
2025-05-23 10:12:31,122 - mqtt_handler - INFO - Received data at 2025-05-23 10:12:30.783108 from device 1002
2025-05-23 10:12:31,131 - mqtt_handler - INFO - Received data at 2025-05-23 10:12:30.793248 from device 1002
2025-05-23 10:12:31,141 - mqtt_handler - INFO - Received data at 2025-05-23 10:12:30.793309 from device 1001
2025-05-23 10:12:31,151 - mqtt_handler - INFO - Received data at 2025-05-23 10:12:30.793331 from device 1002
2025-05-23 10:12:31,161 - mqtt_handler - INFO - Received data at 2025-05-23 10:12:30.803466 from device 1002
2025-05-23 10:12:31,170 - mqtt_handler - INFO - Received data at 2025-05-23 10:12:30.803523 from device 1001
2025-05-23 10:12:31,180 - mqtt_handler - INFO - Received data at 2025-05-23 10:12:30.803544 from device 1002
2025-05-23 10:12:31,190 - mqtt_handler - INFO - Received data at 2025-05-23 10:12:30.813680 from device 1002
2025-05-23 10:12:31,199 - mqtt_handler - INFO - Received data at 2025-05-23 10:12:30.813747 from device 1001
2025-05-23 10:12:31,209 - mqtt_handler - INFO - Received data at 2025-05-23 10:12:30.813768 from device 1002
2025-05-23 10:12:31,218 - mqtt_handler - INFO - Received data at 2025-05-23 10:12:30.823910 from device 1002
2025-05-23 10:12:31,228 - mqtt_handler - INFO - Received data at 2025-05-23 10:12:30.823969 from device 1001
2025-05-23 10:12:31,238 - mqtt_handler - INFO - Received data at 2025-05-23 10:12:30.823991 from device 1002
2025-05-23 10:12:31,248 - mqtt_handler - INFO - Received data at 2025-05-23 10:12:30.834145 from device 1002
2025-05-23 10:12:31,258 - mqtt_handler - INFO - Received data at 2025-05-23 10:12:30.834244 from device 1001
2025-05-23 10:12:31,278 - mqtt_handler - INFO - Received data at 2025-05-23 10:12:30.834266 from device 1002
2025-05-23 10:12:31,288 - mqtt_handler - INFO - Received data at 2025-05-23 10:12:30.844404 from device 1002
2025-05-23 10:12:31,298 - mqtt_handler - INFO - Received data at 2025-05-23 10:12:30.844465 from device 1001
2025-05-23 10:12:31,308 - mqtt_handler - INFO - Received data at 2025-05-23 10:12:30.844488 from device 1002
2025-05-23 10:12:31,318 - mqtt_handler - INFO - Received data at 2025-05-23 10:12:30.854630 from device 1002
2025-05-23 10:12:31,328 - mqtt_handler - INFO - Received data at 2025-05-23 10:12:30.854693 from device 1001
2025-05-23 10:12:31,338 - mqtt_handler - INFO - Received data at 2025-05-23 10:12:30.854714 from device 1002
2025-05-23 10:12:31,347 - mqtt_handler - INFO - Received data at 2025-05-23 10:12:30.864850 from device 1002
2025-05-23 10:12:31,357 - mqtt_handler - INFO - Received data at 2025-05-23 10:12:30.864917 from device 1001
2025-05-23 10:12:31,367 - mqtt_handler - INFO - Received data at 2025-05-23 10:12:30.864939 from device 1002
2025-05-23 10:12:31,389 - mqtt_handler - INFO - Received data at 2025-05-23 10:12:30.875073 from device 1002
2025-05-23 10:12:31,409 - mqtt_handler - INFO - Received data at 2025-05-23 10:12:30.875134 from device 1001
2025-05-23 10:12:31,419 - mqtt_handler - INFO - Received data at 2025-05-23 10:12:30.875155 from device 1002
2025-05-23 10:12:31,429 - mqtt_handler - INFO - Received data at 2025-05-23 10:12:30.885295 from device 1002
2025-05-23 10:12:31,439 - mqtt_handler - INFO - Received data at 2025-05-23 10:12:30.885375 from device 1001
2025-05-23 10:12:31,449 - mqtt_handler - INFO - Received data at 2025-05-23 10:12:30.885396 from device 1002
2025-05-23 10:12:31,459 - mqtt_handler - INFO - Received data at 2025-05-23 10:12:30.895518 from device 1002
2025-05-23 10:12:31,469 - mqtt_handler - INFO - Received data at 2025-05-23 10:12:30.895598 from device 1001
2025-05-23 10:12:31,479 - mqtt_handler - INFO - Received data at 2025-05-23 10:12:30.895620 from device 1002
2025-05-23 10:12:31,490 - mqtt_handler - INFO - Received data at 2025-05-23 10:12:30.905698 from device 1002
2025-05-23 10:12:31,499 - mqtt_handler - INFO - Received data at 2025-05-23 10:12:30.905758 from device 1001
2025-05-23 10:12:31,509 - mqtt_handler - INFO - Received data at 2025-05-23 10:12:30.905779 from device 1002
2025-05-23 10:12:31,519 - mqtt_handler - INFO - Received data at 2025-05-23 10:12:30.915917 from device 1002
2025-05-23 10:12:31,534 - mqtt_handler - INFO - Received data at 2025-05-23 10:12:30.915980 from device 1001
2025-05-23 10:12:31,543 - mqtt_handler - INFO - Received data at 2025-05-23 10:12:30.916002 from device 1002
2025-05-23 10:12:31,554 - mqtt_handler - INFO - Received data at 2025-05-23 10:12:30.926135 from device 1002
2025-05-23 10:12:31,564 - mqtt_handler - INFO - Received data at 2025-05-23 10:12:30.926196 from device 1001
2025-05-23 10:12:31,575 - mqtt_handler - INFO - Received data at 2025-05-23 10:12:30.926219 from device 1002
2025-05-23 10:12:31,585 - mqtt_handler - INFO - Received data at 2025-05-23 10:12:30.936357 from device 1002
2025-05-23 10:12:31,595 - mqtt_handler - INFO - Received data at 2025-05-23 10:12:30.936429 from device 1001
2025-05-23 10:12:31,605 - mqtt_handler - INFO - Received data at 2025-05-23 10:12:30.936450 from device 1002
2025-05-23 10:12:31,615 - mqtt_handler - INFO - Received data at 2025-05-23 10:12:30.946607 from device 1002
2025-05-23 10:12:31,625 - mqtt_handler - INFO - Received data at 2025-05-23 10:12:30.946702 from device 1001
2025-05-23 10:12:31,635 - mqtt_handler - INFO - Received data at 2025-05-23 10:12:30.946723 from device 1002
2025-05-23 10:12:31,645 - mqtt_handler - INFO - Received data at 2025-05-23 10:12:30.956870 from device 1002
2025-05-23 10:12:31,655 - mqtt_handler - INFO - Received data at 2025-05-23 10:12:30.956960 from device 1001
2025-05-23 10:12:31,666 - mqtt_handler - INFO - Received data at 2025-05-23 10:12:30.956983 from device 1002
2025-05-23 10:12:31,676 - mqtt_handler - INFO - Received data at 2025-05-23 10:12:30.967120 from device 1002
2025-05-23 10:12:31,687 - mqtt_handler - INFO - Received data at 2025-05-23 10:12:30.967182 from device 1001
2025-05-23 10:12:31,697 - mqtt_handler - INFO - Received data at 2025-05-23 10:12:30.967203 from device 1002
2025-05-23 10:12:31,707 - mqtt_handler - INFO - Received data at 2025-05-23 10:12:30.977339 from device 1002
2025-05-23 10:12:31,717 - mqtt_handler - INFO - Received data at 2025-05-23 10:12:30.977395 from device 1001
2025-05-23 10:12:31,728 - mqtt_handler - INFO - Received data at 2025-05-23 10:12:30.977415 from device 1002
2025-05-23 10:12:31,738 - mqtt_handler - INFO - Received data at 2025-05-23 10:12:30.987588 from device 1002
2025-05-23 10:12:31,752 - mqtt_handler - INFO - Received data at 2025-05-23 10:12:30.987725 from device 1001
2025-05-23 10:12:31,762 - mqtt_handler - INFO - Received data at 2025-05-23 10:12:30.987751 from device 1002
2025-05-23 10:12:31,772 - mqtt_handler - INFO - Received data at 2025-05-23 10:12:30.997914 from device 1002
2025-05-23 10:12:31,782 - mqtt_handler - INFO - Received data at 2025-05-23 10:12:30.998037 from device 1001
2025-05-23 10:12:31,792 - mqtt_handler - INFO - Received data at 2025-05-23 10:12:30.998060 from device 1002
2025-05-23 10:12:31,802 - mqtt_handler - INFO - Received data at 2025-05-23 10:12:31.008210 from device 1002
2025-05-23 10:12:31,812 - mqtt_handler - INFO - Received data at 2025-05-23 10:12:31.008309 from device 1001
2025-05-23 10:12:31,821 - mqtt_handler - INFO - Received data at 2025-05-23 10:12:31.008331 from device 1002
2025-05-23 10:12:31,831 - mqtt_handler - INFO - Received data at 2025-05-23 10:12:31.018475 from device 1002
2025-05-23 10:12:31,841 - mqtt_handler - INFO - Received data at 2025-05-23 10:12:31.018549 from device 1001
2025-05-23 10:12:31,850 - mqtt_handler - INFO - Received data at 2025-05-23 10:12:31.018570 from device 1002
2025-05-23 10:12:31,860 - mqtt_handler - INFO - Received data at 2025-05-23 10:12:31.028697 from device 1002
2025-05-23 10:12:31,870 - mqtt_handler - INFO - Received data at 2025-05-23 10:12:31.028808 from device 1001
2025-05-23 10:12:31,880 - mqtt_handler - INFO - Received data at 2025-05-23 10:12:31.028831 from device 1002
2025-05-23 10:12:31,890 - mqtt_handler - INFO - Received data at 2025-05-23 10:12:31.038908 from device 1002
2025-05-23 10:12:31,899 - mqtt_handler - INFO - Received data at 2025-05-23 10:12:31.038970 from device 1001
2025-05-23 10:12:31,909 - mqtt_handler - INFO - Received data at 2025-05-23 10:12:31.038992 from device 1002
2025-05-23 10:12:31,919 - mqtt_handler - INFO - Received data at 2025-05-23 10:12:31.049118 from device 1002
2025-05-23 10:12:31,929 - mqtt_handler - INFO - Received data at 2025-05-23 10:12:31.049199 from device 1001
2025-05-23 10:12:31,939 - mqtt_handler - INFO - Received data at 2025-05-23 10:12:31.049222 from device 1002
2025-05-23 10:12:31,949 - mqtt_handler - INFO - Received data at 2025-05-23 10:12:31.059360 from device 1002
2025-05-23 10:12:31,959 - mqtt_handler - INFO - Received data at 2025-05-23 10:12:31.059422 from device 1001
2025-05-23 10:12:31,974 - mqtt_handler - INFO - Received data at 2025-05-23 10:12:31.059443 from device 1002
2025-05-23 10:12:31,985 - mqtt_handler - INFO - Received data at 2025-05-23 10:12:31.069519 from device 1002
2025-05-23 10:12:31,995 - mqtt_handler - INFO - Received data at 2025-05-23 10:12:31.069575 from device 1001
2025-05-23 10:12:32,006 - mqtt_handler - INFO - Received data at 2025-05-23 10:12:31.069597 from device 1002
2025-05-23 10:12:32,016 - mqtt_handler - INFO - Received data at 2025-05-23 10:12:31.079757 from device 1002
2025-05-23 10:12:32,023 - mqtt_handler - INFO - Connected with result code 0
2025-05-23 10:12:32,026 - mqtt_handler - INFO - Received data at 2025-05-23 10:12:31.079912 from device 1001
2025-05-23 10:12:32,042 - mqtt_handler - INFO - Received data at 2025-05-23 10:12:31.079936 from device 1002
2025-05-23 10:12:32,051 - mqtt_handler - INFO - Received data at 2025-05-23 10:12:31.090051 from device 1002
2025-05-23 10:12:32,061 - mqtt_handler - INFO - Received data at 2025-05-23 10:12:31.090144 from device 1001
2025-05-23 10:12:32,071 - mqtt_handler - INFO - Received data at 2025-05-23 10:12:31.090166 from device 1002
2025-05-23 10:12:32,081 - mqtt_handler - INFO - Received data at 2025-05-23 10:12:31.100245 from device 1002
2025-05-23 10:12:32,091 - mqtt_handler - INFO - Received data at 2025-05-23 10:12:31.100321 from device 1001
2025-05-23 10:12:32,100 - mqtt_handler - INFO - Received data at 2025-05-23 10:12:31.100343 from device 1002
2025-05-23 10:12:32,110 - mqtt_handler - INFO - Received data at 2025-05-23 10:12:31.110421 from device 1002
2025-05-23 10:12:32,120 - mqtt_handler - INFO - Received data at 2025-05-23 10:12:31.110505 from device 1001
2025-05-23 10:12:32,130 - mqtt_handler - INFO - Received data at 2025-05-23 10:12:31.110528 from device 1002
2025-05-23 10:12:32,140 - mqtt_handler - INFO - Received data at 2025-05-23 10:12:31.120603 from device 1002
2025-05-23 10:12:32,150 - mqtt_handler - INFO - Received data at 2025-05-23 10:12:31.120642 from device 1001
2025-05-23 10:12:32,159 - mqtt_handler - INFO - Received data at 2025-05-23 10:12:31.120662 from device 1002
2025-05-23 10:12:32,169 - mqtt_handler - INFO - Received data at 2025-05-23 10:12:31.130732 from device 1002
2025-05-23 10:12:32,179 - mqtt_handler - INFO - Received data at 2025-05-23 10:12:31.130764 from device 1001
2025-05-23 10:12:32,193 - mqtt_handler - INFO - Received data at 2025-05-23 10:12:31.130784 from device 1002
2025-05-23 10:12:32,203 - mqtt_handler - INFO - Received data at 2025-05-23 10:12:31.140853 from device 1002
2025-05-23 10:12:32,213 - mqtt_handler - INFO - Received data at 2025-05-23 10:12:31.140883 from device 1001
2025-05-23 10:12:32,223 - mqtt_handler - INFO - Received data at 2025-05-23 10:12:31.140902 from device 1002
2025-05-23 10:12:32,233 - mqtt_handler - INFO - Received data at 2025-05-23 10:12:31.150974 from device 1002
2025-05-23 10:12:32,243 - mqtt_handler - INFO - Received data at 2025-05-23 10:12:31.151017 from device 1001
2025-05-23 10:12:32,253 - mqtt_handler - INFO - Received data at 2025-05-23 10:12:31.151037 from device 1002
2025-05-23 10:12:32,263 - mqtt_handler - INFO - Received data at 2025-05-23 10:12:31.161108 from device 1002
2025-05-23 10:12:32,272 - mqtt_handler - INFO - Received data at 2025-05-23 10:12:31.161139 from device 1001
2025-05-23 10:12:32,282 - mqtt_handler - INFO - Received data at 2025-05-23 10:12:31.161158 from device 1002
2025-05-23 10:12:32,292 - mqtt_handler - INFO - Received data at 2025-05-23 10:12:31.171231 from device 1002
2025-05-23 10:12:32,302 - mqtt_handler - INFO - Received data at 2025-05-23 10:12:31.171273 from device 1001
2025-05-23 10:12:32,312 - mqtt_handler - INFO - Received data at 2025-05-23 10:12:31.171294 from device 1002
2025-05-23 10:12:32,322 - mqtt_handler - INFO - Received data at 2025-05-23 10:12:31.181365 from device 1002
2025-05-23 10:12:32,332 - mqtt_handler - INFO - Received data at 2025-05-23 10:12:31.181396 from device 1001
2025-05-23 10:12:32,341 - mqtt_handler - INFO - Received data at 2025-05-23 10:12:31.181418 from device 1002
2025-05-23 10:12:32,351 - mqtt_handler - INFO - Received data at 2025-05-23 10:12:31.191528 from device 1002
2025-05-23 10:12:32,362 - mqtt_handler - INFO - Received data at 2025-05-23 10:12:31.191562 from device 1001
2025-05-23 10:12:32,372 - mqtt_handler - INFO - Received data at 2025-05-23 10:12:31.191583 from device 1002
2025-05-23 10:12:32,382 - mqtt_handler - INFO - Received data at 2025-05-23 10:12:31.201654 from device 1002
2025-05-23 10:12:32,393 - mqtt_handler - INFO - Received data at 2025-05-23 10:12:31.201688 from device 1001
2025-05-23 10:12:32,407 - mqtt_handler - INFO - Received data at 2025-05-23 10:12:31.201709 from device 1002
2025-05-23 10:12:32,417 - mqtt_handler - INFO - Received data at 2025-05-23 10:12:31.211814 from device 1002
2025-05-23 10:12:32,427 - mqtt_handler - INFO - Received data at 2025-05-23 10:12:31.211852 from device 1001
2025-05-23 10:12:32,437 - mqtt_handler - INFO - Received data at 2025-05-23 10:12:31.211874 from device 1002
2025-05-23 10:12:32,447 - mqtt_handler - INFO - Received data at 2025-05-23 10:12:31.221984 from device 1002
2025-05-23 10:12:32,457 - mqtt_handler - INFO - Received data at 2025-05-23 10:12:31.222032 from device 1001
2025-05-23 10:12:32,467 - mqtt_handler - INFO - Received data at 2025-05-23 10:12:31.222052 from device 1002
2025-05-23 10:12:32,477 - mqtt_handler - INFO - Received data at 2025-05-23 10:12:31.232162 from device 1002
2025-05-23 10:12:32,488 - mqtt_handler - INFO - Received data at 2025-05-23 10:12:31.232204 from device 1001
2025-05-23 10:12:32,498 - mqtt_handler - INFO - Received data at 2025-05-23 10:12:31.232225 from device 1002
2025-05-23 10:12:32,508 - mqtt_handler - INFO - Received data at 2025-05-23 10:12:31.242339 from device 1002
2025-05-23 10:12:32,518 - mqtt_handler - INFO - Received data at 2025-05-23 10:12:31.242386 from device 1001
2025-05-23 10:12:32,529 - mqtt_handler - INFO - Received data at 2025-05-23 10:12:31.242407 from device 1002
2025-05-23 10:12:32,539 - mqtt_handler - INFO - Received data at 2025-05-23 10:12:31.252509 from device 1002
2025-05-23 10:12:32,549 - mqtt_handler - INFO - Received data at 2025-05-23 10:12:31.252545 from device 1001
2025-05-23 10:12:32,559 - mqtt_handler - INFO - Received data at 2025-05-23 10:12:31.252566 from device 1002
2025-05-23 10:12:32,655 - mqtt_handler - INFO - Received data at 2025-05-23 10:12:30.477345 from device 1001
2025-05-23 10:12:32,665 - mqtt_handler - INFO - Received data at 2025-05-23 10:12:30.477366 from device 1002
2025-05-23 10:12:32,676 - mqtt_handler - INFO - Received data at 2025-05-23 10:12:30.487476 from device 1002
2025-05-23 10:12:32,686 - mqtt_handler - INFO - Received data at 2025-05-23 10:12:30.487534 from device 1001
2025-05-23 10:12:32,696 - mqtt_handler - INFO - Received data at 2025-05-23 10:12:30.487556 from device 1002
2025-05-23 10:12:32,710 - mqtt_handler - INFO - Received data at 2025-05-23 10:12:30.497631 from device 1002
2025-05-23 10:12:32,721 - mqtt_handler - INFO - Received data at 2025-05-23 10:12:30.497669 from device 1001
2025-05-23 10:12:32,731 - mqtt_handler - INFO - Received data at 2025-05-23 10:12:30.497690 from device 1002
2025-05-23 10:12:32,741 - mqtt_handler - INFO - Received data at 2025-05-23 10:12:30.507760 from device 1002
2025-05-23 10:12:32,757 - mqtt_handler - INFO - Received data at 2025-05-23 10:12:30.507794 from device 1001
2025-05-23 10:12:32,767 - mqtt_handler - INFO - Received data at 2025-05-23 10:12:30.507815 from device 1002
2025-05-23 10:12:32,777 - mqtt_handler - INFO - Received data at 2025-05-23 10:12:30.517889 from device 1002
2025-05-23 10:12:32,787 - mqtt_handler - INFO - Received data at 2025-05-23 10:12:30.517946 from device 1001
2025-05-23 10:12:32,798 - mqtt_handler - INFO - Received data at 2025-05-23 10:12:30.517968 from device 1002
2025-05-23 10:12:32,808 - mqtt_handler - INFO - Received data at 2025-05-23 10:12:30.528044 from device 1002
2025-05-23 10:12:32,819 - mqtt_handler - INFO - Received data at 2025-05-23 10:12:30.528100 from device 1001
2025-05-23 10:12:32,829 - mqtt_handler - INFO - Received data at 2025-05-23 10:12:30.528120 from device 1002
2025-05-23 10:12:32,839 - mqtt_handler - INFO - Received data at 2025-05-23 10:12:30.538194 from device 1002
2025-05-23 10:12:32,849 - mqtt_handler - INFO - Received data at 2025-05-23 10:12:30.538240 from device 1001
2025-05-23 10:12:32,859 - mqtt_handler - INFO - Received data at 2025-05-23 10:12:30.538260 from device 1002
2025-05-23 10:12:32,869 - mqtt_handler - INFO - Received data at 2025-05-23 10:12:30.548331 from device 1002
2025-05-23 10:12:32,879 - mqtt_handler - INFO - Received data at 2025-05-23 10:12:30.548363 from device 1001
2025-05-23 10:12:32,889 - mqtt_handler - INFO - Received data at 2025-05-23 10:12:30.548383 from device 1002
2025-05-23 10:12:32,899 - mqtt_handler - INFO - Received data at 2025-05-23 10:12:30.558456 from device 1002
2025-05-23 10:12:32,909 - mqtt_handler - INFO - Received data at 2025-05-23 10:12:30.558511 from device 1001
2025-05-23 10:12:32,919 - mqtt_handler - INFO - Received data at 2025-05-23 10:12:30.558531 from device 1002
2025-05-23 10:12:32,929 - mqtt_handler - INFO - Received data at 2025-05-23 10:12:30.568602 from device 1002
2025-05-23 10:12:32,944 - mqtt_handler - INFO - Received data at 2025-05-23 10:12:30.568634 from device 1001
2025-05-23 10:12:32,954 - mqtt_handler - INFO - Received data at 2025-05-23 10:12:30.568654 from device 1002
2025-05-23 10:12:32,964 - mqtt_handler - INFO - Received data at 2025-05-23 10:12:30.578726 from device 1002
2025-05-23 10:12:32,973 - mqtt_handler - INFO - Received data at 2025-05-23 10:12:30.578763 from device 1001
2025-05-23 10:12:32,984 - mqtt_handler - INFO - Received data at 2025-05-23 10:12:30.578783 from device 1002
2025-05-23 10:12:32,994 - mqtt_handler - INFO - Received data at 2025-05-23 10:12:30.588856 from device 1002
2025-05-23 10:12:33,004 - mqtt_handler - INFO - Received data at 2025-05-23 10:12:30.588905 from device 1001
2025-05-23 10:12:33,014 - mqtt_handler - INFO - Received data at 2025-05-23 10:12:30.588925 from device 1002
2025-05-23 10:12:33,024 - mqtt_handler - INFO - Received data at 2025-05-23 10:12:30.599026 from device 1002
2025-05-23 10:12:33,034 - mqtt_handler - INFO - Received data at 2025-05-23 10:12:30.599062 from device 1001
2025-05-23 10:12:33,044 - mqtt_handler - INFO - Received data at 2025-05-23 10:12:30.599082 from device 1002
2025-05-23 10:12:33,054 - mqtt_handler - INFO - Received data at 2025-05-23 10:12:30.609195 from device 1002
2025-05-23 10:12:33,064 - mqtt_handler - INFO - Received data at 2025-05-23 10:12:30.609237 from device 1001
2025-05-23 10:12:33,074 - mqtt_handler - INFO - Received data at 2025-05-23 10:12:30.609354 from device 1002
2025-05-23 10:12:33,084 - mqtt_handler - INFO - Received data at 2025-05-23 10:12:30.619484 from device 1002
2025-05-23 10:12:33,095 - mqtt_handler - INFO - Received data at 2025-05-23 10:12:30.619531 from device 1001
2025-05-23 10:12:33,105 - mqtt_handler - INFO - Received data at 2025-05-23 10:12:30.619544 from device 1002
2025-05-23 10:12:33,115 - mqtt_handler - INFO - Received data at 2025-05-23 10:12:30.629614 from device 1002
2025-05-23 10:12:33,125 - mqtt_handler - INFO - Received data at 2025-05-23 10:12:30.629668 from device 1001
2025-05-23 10:12:33,135 - mqtt_handler - INFO - Received data at 2025-05-23 10:12:30.629680 from device 1002
2025-05-23 10:12:33,145 - mqtt_handler - INFO - Received data at 2025-05-23 10:12:30.639787 from device 1002
2025-05-23 10:12:33,159 - mqtt_handler - INFO - Received data at 2025-05-23 10:12:30.639836 from device 1001
2025-05-23 10:12:33,173 - mqtt_handler - INFO - Received data at 2025-05-23 10:12:30.639848 from device 1002
2025-05-23 10:12:33,183 - mqtt_handler - INFO - Received data at 2025-05-23 10:12:30.649968 from device 1002
2025-05-23 10:12:33,193 - mqtt_handler - INFO - Received data at 2025-05-23 10:12:30.650061 from device 1001
2025-05-23 10:12:33,203 - mqtt_handler - INFO - Received data at 2025-05-23 10:12:30.650073 from device 1002
2025-05-23 10:12:33,213 - mqtt_handler - INFO - Received data at 2025-05-23 10:12:30.660209 from device 1002
2025-05-23 10:12:33,223 - mqtt_handler - INFO - Received data at 2025-05-23 10:12:30.660309 from device 1001
2025-05-23 10:12:33,233 - mqtt_handler - INFO - Received data at 2025-05-23 10:12:30.660331 from device 1002
2025-05-23 10:12:33,243 - mqtt_handler - INFO - Received data at 2025-05-23 10:12:30.670474 from device 1002
2025-05-23 10:12:33,252 - mqtt_handler - INFO - Received data at 2025-05-23 10:12:30.670540 from device 1001
2025-05-23 10:12:33,262 - mqtt_handler - INFO - Received data at 2025-05-23 10:12:30.670561 from device 1002
2025-05-23 10:12:33,272 - mqtt_handler - INFO - Received data at 2025-05-23 10:12:30.680648 from device 1002
2025-05-23 10:12:33,282 - mqtt_handler - INFO - Received data at 2025-05-23 10:12:30.680746 from device 1001
2025-05-23 10:12:33,292 - mqtt_handler - INFO - Received data at 2025-05-23 10:12:30.680768 from device 1002
2025-05-23 10:12:33,302 - mqtt_handler - INFO - Received data at 2025-05-23 10:12:30.690906 from device 1002
2025-05-23 10:12:33,312 - mqtt_handler - INFO - Received data at 2025-05-23 10:12:30.690965 from device 1001
2025-05-23 10:12:33,321 - mqtt_handler - INFO - Received data at 2025-05-23 10:12:30.690986 from device 1002
2025-05-23 10:12:33,331 - mqtt_handler - INFO - Received data at 2025-05-23 10:12:30.701123 from device 1002
2025-05-23 10:12:33,341 - mqtt_handler - INFO - Received data at 2025-05-23 10:12:30.701184 from device 1001
2025-05-23 10:12:33,351 - mqtt_handler - INFO - Received data at 2025-05-23 10:12:30.701216 from device 1002
2025-05-23 10:12:33,361 - mqtt_handler - INFO - Received data at 2025-05-23 10:12:30.711360 from device 1002
2025-05-23 10:12:33,371 - mqtt_handler - INFO - Received data at 2025-05-23 10:12:30.711423 from device 1001
2025-05-23 10:12:33,385 - mqtt_handler - INFO - Received data at 2025-05-23 10:12:30.711446 from device 1002
2025-05-23 10:12:33,395 - mqtt_handler - INFO - Received data at 2025-05-23 10:12:30.721590 from device 1002
2025-05-23 10:12:33,405 - mqtt_handler - INFO - Received data at 2025-05-23 10:12:30.721663 from device 1001
2025-05-23 10:12:33,415 - mqtt_handler - INFO - Received data at 2025-05-23 10:12:30.721685 from device 1002
2025-05-23 10:12:33,425 - mqtt_handler - INFO - Received data at 2025-05-23 10:12:30.731824 from device 1002
2025-05-23 10:12:33,435 - mqtt_handler - INFO - Received data at 2025-05-23 10:12:30.731908 from device 1001
2025-05-23 10:12:33,445 - mqtt_handler - INFO - Received data at 2025-05-23 10:12:30.731931 from device 1002
2025-05-23 10:12:33,456 - mqtt_handler - INFO - Received data at 2025-05-23 10:12:30.742054 from device 1002
2025-05-23 10:12:33,466 - mqtt_handler - INFO - Received data at 2025-05-23 10:12:30.742128 from device 1001
2025-05-23 10:12:33,476 - mqtt_handler - INFO - Received data at 2025-05-23 10:12:30.742150 from device 1002
2025-05-23 10:12:33,486 - mqtt_handler - INFO - Received data at 2025-05-23 10:12:30.752286 from device 1002
2025-05-23 10:12:33,497 - mqtt_handler - INFO - Received data at 2025-05-23 10:12:30.752346 from device 1001
2025-05-23 10:12:33,506 - mqtt_handler - INFO - Received data at 2025-05-23 10:12:30.752367 from device 1002
2025-05-23 10:12:33,569 - mqtt_handler - INFO - Connected with result code 0
2025-05-23 10:12:34,518 - mqtt_handler - INFO - Connected with result code 0
2025-05-23 10:12:34,570 - mqtt_handler - INFO - Connected with result code 0
2025-05-23 10:12:35,519 - mqtt_handler - INFO - Connected with result code 0
2025-05-23 10:12:35,572 - mqtt_handler - INFO - Connected with result code 0
2025-05-23 10:12:36,520 - mqtt_handler - INFO - Connected with result code 0
2025-05-23 10:12:36,573 - mqtt_handler - INFO - Connected with result code 0
2025-05-23 10:12:37,521 - mqtt_handler - INFO - Connected with result code 0
2025-05-23 10:12:37,574 - mqtt_handler - INFO - Connected with result code 0
2025-05-23 10:12:38,523 - mqtt_handler - INFO - Connected with result code 0
2025-05-23 10:12:38,576 - mqtt_handler - INFO - Connected with result code 0
2025-05-23 10:12:39,524 - mqtt_handler - INFO - Connected with result code 0
2025-05-23 10:12:39,577 - mqtt_handler - INFO - Connected with result code 0
2025-05-23 10:12:40,525 - mqtt_handler - INFO - Connected with result code 0
2025-05-23 10:12:40,578 - mqtt_handler - INFO - Connected with result code 0
2025-05-23 10:12:41,527 - mqtt_handler - INFO - Connected with result code 0
2025-05-23 10:12:41,579 - mqtt_handler - INFO - Connected with result code 0
2025-05-23 10:12:42,528 - mqtt_handler - INFO - Connected with result code 0
2025-05-23 10:12:42,581 - mqtt_handler - INFO - Connected with result code 0
2025-05-23 10:12:43,529 - mqtt_handler - INFO - Connected with result code 0
2025-05-23 10:12:43,582 - mqtt_handler - INFO - Connected with result code 0
2025-05-23 10:12:44,531 - mqtt_handler - INFO - Connected with result code 0
2025-05-23 10:12:44,583 - mqtt_handler - INFO - Connected with result code 0
2025-05-23 10:12:45,532 - mqtt_handler - INFO - Connected with result code 0
2025-05-23 10:12:45,585 - mqtt_handler - INFO - Connected with result code 0
2025-05-23 10:12:46,533 - mqtt_handler - INFO - Connected with result code 0
2025-05-23 10:12:46,586 - mqtt_handler - INFO - Connected with result code 0
2025-05-23 10:12:47,535 - mqtt_handler - INFO - Connected with result code 0
2025-05-23 10:12:47,588 - mqtt_handler - INFO - Connected with result code 0
2025-05-23 10:12:48,545 - mqtt_handler - INFO - Connected with result code 0
2025-05-23 10:12:48,589 - mqtt_handler - INFO - Connected with result code 0
2025-05-23 10:12:49,537 - mqtt_handler - INFO - Connected with result code 0
2025-05-23 10:12:49,590 - mqtt_handler - INFO - Connected with result code 0
2025-05-23 10:12:50,539 - mqtt_handler - INFO - Connected with result code 0
2025-05-23 10:12:50,591 - mqtt_handler - INFO - Connected with result code 0
2025-05-23 10:12:51,539 - mqtt_handler - INFO - Connected with result code 0
2025-05-23 10:12:51,593 - mqtt_handler - INFO - Connected with result code 0
2025-05-23 10:12:52,541 - mqtt_handler - INFO - Connected with result code 0
2025-05-23 10:12:52,594 - mqtt_handler - INFO - Connected with result code 0
2025-05-23 10:12:53,543 - mqtt_handler - INFO - Connected with result code 0
2025-05-23 10:12:53,596 - mqtt_handler - INFO - Connected with result code 0
2025-05-23 10:12:54,543 - mqtt_handler - INFO - Connected with result code 0
2025-05-23 10:12:54,598 - mqtt_handler - INFO - Connected with result code 0
2025-05-23 10:12:55,545 - mqtt_handler - INFO - Connected with result code 0
2025-05-23 10:12:55,598 - mqtt_handler - INFO - Connected with result code 0
2025-05-23 10:12:56,547 - mqtt_handler - INFO - Connected with result code 0
2025-05-23 10:12:56,600 - mqtt_handler - INFO - Connected with result code 0
2025-05-23 10:12:57,548 - mqtt_handler - INFO - Connected with result code 0
2025-05-23 10:12:57,601 - mqtt_handler - INFO - Connected with result code 0
2025-05-23 10:12:58,549 - mqtt_handler - INFO - Connected with result code 0
2025-05-23 10:12:58,602 - mqtt_handler - INFO - Connected with result code 0
2025-05-23 10:12:59,551 - mqtt_handler - INFO - Connected with result code 0
2025-05-23 10:12:59,603 - mqtt_handler - INFO - Connected with result code 0
2025-05-23 10:13:00,552 - mqtt_handler - INFO - Connected with result code 0
2025-05-23 10:13:00,605 - mqtt_handler - INFO - Connected with result code 0
2025-05-23 10:13:01,553 - mqtt_handler - INFO - Connected with result code 0
2025-05-23 10:13:01,606 - mqtt_handler - INFO - Connected with result code 0
2025-05-23 10:13:02,555 - mqtt_handler - INFO - Connected with result code 0
2025-05-23 10:13:02,608 - mqtt_handler - INFO - Connected with result code 0
2025-05-23 10:13:03,564 - mqtt_handler - INFO - Connected with result code 0
2025-05-23 10:13:03,610 - mqtt_handler - INFO - Connected with result code 0
2025-05-23 10:13:04,557 - mqtt_handler - INFO - Connected with result code 0
2025-05-23 10:13:04,610 - mqtt_handler - INFO - Connected with result code 0
2025-05-23 10:13:05,559 - mqtt_handler - INFO - Connected with result code 0
2025-05-23 10:13:05,612 - mqtt_handler - INFO - Connected with result code 0
2025-05-23 10:13:06,559 - mqtt_handler - INFO - Connected with result code 0
2025-05-23 10:13:06,613 - mqtt_handler - INFO - Connected with result code 0
2025-05-23 10:13:07,561 - mqtt_handler - INFO - Connected with result code 0
2025-05-23 10:13:07,614 - mqtt_handler - INFO - Connected with result code 0
2025-05-23 10:13:08,571 - mqtt_handler - INFO - Connected with result code 0
2025-05-23 10:13:08,615 - mqtt_handler - INFO - Connected with result code 0
2025-05-23 10:13:09,563 - mqtt_handler - INFO - Connected with result code 0
2025-05-23 10:13:09,617 - mqtt_handler - INFO - Connected with result code 0
2025-05-23 10:13:10,565 - mqtt_handler - INFO - Connected with result code 0
2025-05-23 10:13:10,617 - mqtt_handler - INFO - Connected with result code 0
2025-05-23 10:13:11,566 - mqtt_handler - INFO - Connected with result code 0
2025-05-23 10:13:11,618 - mqtt_handler - INFO - Connected with result code 0
2025-05-23 10:13:12,567 - mqtt_handler - INFO - Connected with result code 0
2025-05-23 10:13:12,620 - mqtt_handler - INFO - Connected with result code 0
2025-05-23 10:13:13,569 - mqtt_handler - INFO - Connected with result code 0
2025-05-23 10:13:13,620 - mqtt_handler - INFO - Connected with result code 0
2025-05-23 10:13:14,569 - mqtt_handler - INFO - Connected with result code 0
2025-05-23 10:13:14,621 - mqtt_handler - INFO - Connected with result code 0
2025-05-23 10:13:15,570 - mqtt_handler - INFO - Connected with result code 0
2025-05-23 10:13:15,623 - mqtt_handler - INFO - Connected with result code 0
2025-05-23 10:13:16,572 - mqtt_handler - INFO - Connected with result code 0
2025-05-23 10:13:16,623 - mqtt_handler - INFO - Connected with result code 0
2025-05-23 10:13:17,573 - mqtt_handler - INFO - Connected with result code 0
2025-05-23 10:13:17,625 - mqtt_handler - INFO - Connected with result code 0
2025-05-23 10:13:18,574 - mqtt_handler - INFO - Connected with result code 0
2025-05-23 10:13:18,627 - mqtt_handler - INFO - Connected with result code 0
2025-05-23 10:13:19,575 - mqtt_handler - INFO - Connected with result code 0
2025-05-23 10:13:19,627 - mqtt_handler - INFO - Connected with result code 0
2025-05-23 10:13:20,577 - mqtt_handler - INFO - Connected with result code 0
2025-05-23 10:13:20,629 - mqtt_handler - INFO - Connected with result code 0
2025-05-23 10:13:21,577 - mqtt_handler - INFO - Connected with result code 0
2025-05-23 10:13:21,631 - mqtt_handler - INFO - Connected with result code 0
2025-05-23 10:13:22,579 - mqtt_handler - INFO - Connected with result code 0
2025-05-23 10:13:22,631 - mqtt_handler - INFO - Connected with result code 0
2025-05-23 10:13:23,581 - mqtt_handler - INFO - Connected with result code 0
2025-05-23 10:13:23,633 - mqtt_handler - INFO - Connected with result code 0
2025-05-23 10:13:24,581 - mqtt_handler - INFO - Connected with result code 0
2025-05-23 10:13:24,634 - mqtt_handler - INFO - Connected with result code 0
2025-05-23 10:13:25,583 - mqtt_handler - INFO - Connected with result code 0
2025-05-23 10:13:25,635 - mqtt_handler - INFO - Connected with result code 0
2025-05-23 10:13:26,584 - mqtt_handler - INFO - Connected with result code 0
2025-05-23 10:13:26,637 - mqtt_handler - INFO - Connected with result code 0
2025-05-23 10:13:27,585 - mqtt_handler - INFO - Connected with result code 0
2025-05-23 10:13:27,638 - mqtt_handler - INFO - Connected with result code 0
2025-05-23 10:13:28,587 - mqtt_handler - INFO - Connected with result code 0
2025-05-23 10:13:28,639 - mqtt_handler - INFO - Connected with result code 0
2025-05-23 10:13:29,588 - mqtt_handler - INFO - Connected with result code 0
2025-05-23 10:13:29,640 - mqtt_handler - INFO - Connected with result code 0
2025-05-23 10:13:30,589 - mqtt_handler - INFO - Connected with result code 0
2025-05-23 10:13:30,642 - mqtt_handler - INFO - Connected with result code 0
2025-05-23 10:13:31,591 - mqtt_handler - INFO - Connected with result code 0
2025-05-23 10:13:31,643 - mqtt_handler - INFO - Connected with result code 0
2025-05-23 10:13:32,592 - mqtt_handler - INFO - Connected with result code 0
2025-05-23 10:13:32,644 - mqtt_handler - INFO - Connected with result code 0
2025-05-23 10:13:33,593 - mqtt_handler - INFO - Connected with result code 0
2025-05-23 10:13:33,645 - mqtt_handler - INFO - Connected with result code 0
2025-05-23 10:13:34,594 - mqtt_handler - INFO - Connected with result code 0
2025-05-23 10:13:34,646 - mqtt_handler - INFO - Connected with result code 0
2025-05-23 10:13:35,596 - mqtt_handler - INFO - Connected with result code 0
2025-05-23 10:13:35,648 - mqtt_handler - INFO - Connected with result code 0
2025-05-23 10:13:36,596 - mqtt_handler - INFO - Connected with result code 0
2025-05-23 10:13:36,649 - mqtt_handler - INFO - Connected with result code 0
2025-05-23 10:13:37,598 - mqtt_handler - INFO - Connected with result code 0
2025-05-23 10:13:37,650 - mqtt_handler - INFO - Connected with result code 0
2025-05-23 10:13:38,600 - mqtt_handler - INFO - Connected with result code 0
2025-05-23 10:13:38,651 - mqtt_handler - INFO - Connected with result code 0
2025-05-23 10:13:39,600 - mqtt_handler - INFO - Connected with result code 0
2025-05-23 10:13:39,653 - mqtt_handler - INFO - Connected with result code 0
2025-05-23 10:13:40,601 - mqtt_handler - INFO - Connected with result code 0
2025-05-23 10:13:40,653 - mqtt_handler - INFO - Connected with result code 0
2025-05-23 10:13:41,603 - mqtt_handler - INFO - Connected with result code 0
2025-05-23 10:13:41,655 - mqtt_handler - INFO - Connected with result code 0
2025-05-23 10:13:42,604 - mqtt_handler - INFO - Connected with result code 0
2025-05-23 10:13:42,656 - mqtt_handler - INFO - Connected with result code 0
2025-05-23 10:13:43,606 - mqtt_handler - INFO - Connected with result code 0
2025-05-23 10:13:43,657 - mqtt_handler - INFO - Connected with result code 0
2025-05-23 10:13:44,607 - mqtt_handler - INFO - Connected with result code 0
2025-05-23 10:13:44,659 - mqtt_handler - INFO - Connected with result code 0
2025-05-23 10:13:45,608 - mqtt_handler - INFO - Connected with result code 0
2025-05-23 10:13:45,660 - mqtt_handler - INFO - Connected with result code 0
2025-05-23 10:13:46,609 - mqtt_handler - INFO - Connected with result code 0
2025-05-23 10:13:46,661 - mqtt_handler - INFO - Connected with result code 0
2025-05-23 10:13:47,611 - mqtt_handler - INFO - Connected with result code 0
2025-05-23 10:13:47,663 - mqtt_handler - INFO - Connected with result code 0
2025-05-23 10:13:48,612 - mqtt_handler - INFO - Connected with result code 0
2025-05-23 10:13:48,664 - mqtt_handler - INFO - Connected with result code 0
2025-05-23 10:13:49,613 - mqtt_handler - INFO - Connected with result code 0
2025-05-23 10:13:49,665 - mqtt_handler - INFO - Connected with result code 0
2025-05-23 10:13:50,615 - mqtt_handler - INFO - Connected with result code 0
2025-05-23 10:13:50,667 - mqtt_handler - INFO - Connected with result code 0
2025-05-23 10:13:51,616 - mqtt_handler - INFO - Connected with result code 0
2025-05-23 10:13:51,668 - mqtt_handler - INFO - Connected with result code 0
2025-05-23 10:13:52,617 - mqtt_handler - INFO - Connected with result code 0
2025-05-23 10:13:52,669 - mqtt_handler - INFO - Connected with result code 0
2025-05-23 10:13:53,619 - mqtt_handler - INFO - Connected with result code 0
2025-05-23 10:13:53,671 - mqtt_handler - INFO - Connected with result code 0
2025-05-23 10:13:54,620 - mqtt_handler - INFO - Connected with result code 0
2025-05-23 10:13:54,672 - mqtt_handler - INFO - Connected with result code 0
2025-05-23 10:13:55,621 - mqtt_handler - INFO - Connected with result code 0
2025-05-23 10:13:55,673 - mqtt_handler - INFO - Connected with result code 0
2025-05-23 10:13:56,623 - mqtt_handler - INFO - Connected with result code 0
2025-05-23 10:13:56,675 - mqtt_handler - INFO - Connected with result code 0
2025-05-23 10:13:57,624 - mqtt_handler - INFO - Connected with result code 0
2025-05-23 10:13:57,677 - mqtt_handler - INFO - Connected with result code 0
2025-05-23 10:13:58,625 - mqtt_handler - INFO - Connected with result code 0
2025-05-23 10:13:58,678 - mqtt_handler - INFO - Connected with result code 0
2025-05-23 10:13:59,627 - mqtt_handler - INFO - Connected with result code 0
2025-05-23 10:13:59,679 - mqtt_handler - INFO - Connected with result code 0
2025-05-23 10:14:00,627 - mqtt_handler - INFO - Connected with result code 0
2025-05-23 10:14:00,680 - mqtt_handler - INFO - Connected with result code 0
2025-05-23 10:14:01,629 - mqtt_handler - INFO - Connected with result code 0
2025-05-23 10:14:01,681 - mqtt_handler - INFO - Connected with result code 0
2025-05-23 10:14:02,630 - mqtt_handler - INFO - Connected with result code 0
2025-05-23 10:14:02,683 - mqtt_handler - INFO - Connected with result code 0
2025-05-23 10:14:03,631 - mqtt_handler - INFO - Connected with result code 0
2025-05-23 10:14:03,684 - mqtt_handler - INFO - Connected with result code 0
2025-05-23 10:14:04,633 - mqtt_handler - INFO - Connected with result code 0
2025-05-23 10:14:04,685 - mqtt_handler - INFO - Connected with result code 0
2025-05-23 10:14:05,635 - mqtt_handler - INFO - Connected with result code 0
2025-05-23 10:14:05,687 - mqtt_handler - INFO - Connected with result code 0
2025-05-23 10:14:06,635 - mqtt_handler - INFO - Connected with result code 0
2025-05-23 10:14:06,689 - mqtt_handler - INFO - Connected with result code 0
2025-05-23 10:14:07,637 - mqtt_handler - INFO - Connected with result code 0
2025-05-23 10:14:07,689 - mqtt_handler - INFO - Connected with result code 0
2025-05-23 10:14:08,639 - mqtt_handler - INFO - Connected with result code 0
2025-05-23 10:14:08,691 - mqtt_handler - INFO - Connected with result code 0
2025-05-23 10:14:09,640 - mqtt_handler - INFO - Connected with result code 0
2025-05-23 10:14:09,693 - mqtt_handler - INFO - Connected with result code 0
2025-05-23 10:14:10,642 - mqtt_handler - INFO - Connected with result code 0
2025-05-23 10:14:10,693 - mqtt_handler - INFO - Connected with result code 0
2025-05-23 10:14:11,643 - mqtt_handler - INFO - Connected with result code 0
2025-05-23 10:14:11,695 - mqtt_handler - INFO - Connected with result code 0
2025-05-23 10:14:12,644 - mqtt_handler - INFO - Connected with result code 0
2025-05-23 10:14:12,697 - mqtt_handler - INFO - Connected with result code 0
2025-05-23 10:14:13,645 - mqtt_handler - INFO - Connected with result code 0
2025-05-23 10:14:13,697 - mqtt_handler - INFO - Connected with result code 0
2025-05-23 10:14:14,647 - mqtt_handler - INFO - Connected with result code 0
2025-05-23 10:14:14,699 - mqtt_handler - INFO - Connected with result code 0
2025-05-23 10:14:15,648 - mqtt_handler - INFO - Connected with result code 0
2025-05-23 10:14:15,700 - mqtt_handler - INFO - Connected with result code 0
2025-05-23 10:14:16,649 - mqtt_handler - INFO - Connected with result code 0
2025-05-23 10:14:16,701 - mqtt_handler - INFO - Connected with result code 0
2025-05-23 10:14:17,651 - mqtt_handler - INFO - Connected with result code 0
2025-05-23 10:14:17,703 - mqtt_handler - INFO - Connected with result code 0
2025-05-23 10:14:18,651 - mqtt_handler - INFO - Connected with result code 0
2025-05-23 10:14:18,704 - mqtt_handler - INFO - Connected with result code 0
2025-05-23 10:14:19,653 - mqtt_handler - INFO - Connected with result code 0
2025-05-23 10:14:19,705 - mqtt_handler - INFO - Connected with result code 0
2025-05-23 10:14:20,655 - mqtt_handler - INFO - Connected with result code 0
2025-05-23 10:14:20,707 - mqtt_handler - INFO - Connected with result code 0
2025-05-23 10:14:21,478 - mqtt_handler - INFO - MQTT client disconnected
2025-05-23 10:14:21,708 - mqtt_handler - INFO - Connected with result code 0
2025-05-23 10:14:22,709 - mqtt_handler - INFO - Connected with result code 0
2025-05-23 10:14:23,711 - mqtt_handler - INFO - Connected with result code 0
2025-05-23 10:14:24,712 - mqtt_handler - INFO - Connected with result code 0
2025-05-23 10:14:25,714 - mqtt_handler - INFO - Connected with result code 0
2025-05-23 10:14:26,715 - mqtt_handler - INFO - Connected with result code 0
